Warning: TTY mode is not supported on Windows platform.

  [30;42;1m PASS [39;49;22m[39m Tests\Unit\ProductoTest[39m
  [32;1m✓[39;22m[39m [2mmas nuevos[22m[39m
  [32;1m✓[39;22m[39m [2mmas vendidos[22m[39m
  [32;1m✓[39;22m[39m [2mpor categoria[22m[39m

  [37;41;1m FAIL [39;49;22m[39m Tests\Feature\ExampleTest[39m
  [31;1m⨯[39;22m[39m [2mprincipal[22m[39m
  [31;1m⨯[39;22m[39m [2malta productos formulario[22m[39m
  [32;1m✓[39;22m[39m [2mlogin formulario[22m[39m

  [2m---[22m

  [31;1m• Tests\Feature\ExampleTest [39;22m> [31;1mprincipal[39;22m
[39;1m  Expected response status code [200] but received 500.
  
  
  
  The following exception occurred during the request:
  
  
  
  ErrorException: Undefined variable: productosMasVendidos in C:\laragon\www\tienda\storage\framework\views\4a49dd9d981f5894fc9067e4007bd03973b62976.php:41
  Stack trace:
  #0 C:\laragon\www\tienda\storage\framework\views\4a49dd9d981f5894fc9067e4007bd03973b62976.php(41): Illuminate\Foundation\Bootstrap\HandleExceptions->handleError(8, 'Undefined varia...', 'C:\\laragon\\www\\...', 41, Array)
  #1 C:\laragon\www\tienda\vendor\laravel\framework\src\Illuminate\Filesystem\Filesystem.php(107): require('C:\\laragon\\www\\...')
  #2 C:\laragon\www\tienda\vendor\laravel\framework\src\Illuminate\Filesystem\Filesystem.php(108): Illuminate\Filesystem\Filesystem::Illuminate\Filesystem\{closure}()
  #3 C:\laragon\www\tienda\vendor\laravel\framework\src\Illuminate\View\Engines\PhpEngine.php(58): Illuminate\Filesystem\Filesystem->getRequire('C:\\laragon\\www\\...', Array)
  #4 C:\laragon\www\tienda\vendor\laravel\framework\src\Illuminate\View\Engines\CompilerEngine.php(61): Illuminate\View\Engines\PhpEngine->evaluatePath('C:\\laragon\\www\\...', Array)
  #5 C:\laragon\www\tienda\vendor\facade\ignition\src\Views\Engines\CompilerEngine.php(37): Illuminate\View\Engines\CompilerEngine->get('C:\\laragon\\www\\...', Array)
  #6 C:\laragon\www\tienda\vendor\laravel\framework\src\Illuminate\View\View.php(139): Facade\Ignition\Views\Engines\CompilerEngine->get('C:\\laragon\\www\\...', Array)
  #7 C:\laragon\www\tienda\vendor\laravel\framework\src\Illuminate\View\View.php(122): Illuminate\View\View->getContents()
  #8 C:\laragon\www\tienda\vendor\laravel\framework\src\Illuminate\View\View.php(91): Illuminate\View\View->renderContents()
  #9 C:\laragon\www\tienda\vendor\laravel\framework\src\Illuminate\Http\Response.php(69): Illuminate\View\View->render()
  #10 C:\laragon\www\tienda\vendor\laravel\framework\src\Illuminate\Http\Response.php(35): Illuminate\Http\Response->setContent(Object(Illuminate\View\View))
  #11 C:\laragon\www\tienda\vendor\laravel\framework\src\Illuminate\Routing\Router.php(820): Illuminate\Http\Response->__construct(Object(Illuminate\View\View), 200, Array)
  #12 C:\laragon\www\tienda\vendor\laravel\framework\src\Illuminate\Routing\Router.php(789): Illuminate\Routing\Router::toResponse(Object(Illuminate\Http\Request), Object(Illuminate\View\View))
  #13 C:\laragon\www\tienda\vendor\laravel\framework\src\Illuminate\Routing\Router.php(721): Illuminate\Routing\Router->prepareResponse(Object(Illuminate\Http\Request), Object(Illuminate\View\View))
  #14 C:\laragon\www\tienda\vendor\laravel\framework\src\Illuminate\Pipeline\Pipeline.php(128): Illuminate\Routing\Router->Illuminate\Routing\{closure}(Object(Illuminate\Http\Request))
  #15 C:\laragon\www\tienda\vendor\laravel\framework\src\Illuminate\Routing\Middleware\SubstituteBindings.php(50): Illuminate\Pipeline\Pipeline->Illuminate\Pipeline\{closure}(Object(Illuminate\Http\Request))
  #16 C:\laragon\www\tienda\vendor\laravel\framework\src\Illuminate\Pipeline\Pipeline.php(167): Illuminate\Routing\Middleware\SubstituteBindings->handle(Object(Illuminate\Http\Request), Object(Closure))
  #17 C:\laragon\www\tienda\vendor\laravel\framework\src\Illuminate\Foundation\Http\Middleware\VerifyCsrfToken.php(78): Illuminate\Pipeline\Pipeline->Illuminate\Pipeline\{closure}(Object(Illuminate\Http\Request))
  #18 C:\laragon\www\tienda\vendor\laravel\framework\src\Illuminate\Pipeline\Pipeline.php(167): Illuminate\Foundation\Http\Middleware\VerifyCsrfToken->handle(Object(Illuminate\Http\Request), Object(Closure))
  #19 C:\laragon\www\tienda\vendor\laravel\framework\src\Illuminate\View\Middleware\ShareErrorsFromSession.php(49): Illuminate\Pipeline\Pipeline->Illuminate\Pipeline\{closure}(Object(Illuminate\Http\Request))
  #20 C:\laragon\www\tienda\vendor\laravel\framework\src\Illuminate\Pipeline\Pipeline.php(167): Illuminate\View\Middleware\ShareErrorsFromSession->handle(Object(Illuminate\Http\Request), Object(Closure))
  #21 C:\laragon\www\tienda\vendor\laravel\framework\src\Illuminate\Session\Middleware\StartSession.php(121): Illuminate\Pipeline\Pipeline->Illuminate\Pipeline\{closure}(Object(Illuminate\Http\Request))
  #22 C:\laragon\www\tienda\vendor\laravel\framework\src\Illuminate\Session\Middleware\StartSession.php(64): Illuminate\Session\Middleware\StartSession->handleStatefulRequest(Object(Illuminate\Http\Request), Object(Illuminate\Session\Store), Object(Closure))
  #23 C:\laragon\www\tienda\vendor\laravel\framework\src\Illuminate\Pipeline\Pipeline.php(167): Illuminate\Session\Middleware\StartSession->handle(Object(Illuminate\Http\Request), Object(Closure))
  #24 C:\laragon\www\tienda\vendor\laravel\framework\src\Illuminate\Cookie\Middleware\AddQueuedCookiesToResponse.php(37): Illuminate\Pipeline\Pipeline->Illuminate\Pipeline\{closure}(Object(Illuminate\Http\Request))
  #25 C:\laragon\www\tienda\vendor\laravel\framework\src\Illuminate\Pipeline\Pipeline.php(167): Illuminate\Cookie\Middleware\AddQueuedCookiesToResponse->handle(Object(Illuminate\Http\Request), Object(Closure))
  #26 C:\laragon\www\tienda\vendor\laravel\framework\src\Illuminate\Cookie\Middleware\EncryptCookies.php(67): Illuminate\Pipeline\Pipeline->Illuminate\Pipeline\{closure}(Object(Illuminate\Http\Request))
  #27 C:\laragon\www\tienda\vendor\laravel\framework\src\Illuminate\Pipeline\Pipeline.php(167): Illuminate\Cookie\Middleware\EncryptCookies->handle(Object(Illuminate\Http\Request), Object(Closure))
  #28 C:\laragon\www\tienda\vendor\laravel\framework\src\Illuminate\Pipeline\Pipeline.php(103): Illuminate\Pipeline\Pipeline->Illuminate\Pipeline\{closure}(Object(Illuminate\Http\Request))
  #29 C:\laragon\www\tienda\vendor\laravel\framework\src\Illuminate\Routing\Router.php(723): Illuminate\Pipeline\Pipeline->then(Object(Closure))
  #30 C:\laragon\www\tienda\vendor\laravel\framework\src\Illuminate\Routing\Router.php(698): Illuminate\Routing\Router->runRouteWithinStack(Object(Illuminate\Routing\Route), Object(Illuminate\Http\Request))
  #31 C:\laragon\www\tienda\vendor\laravel\framework\src\Illuminate\Routing\Router.php(662): Illuminate\Routing\Router->runRoute(Object(Illuminate\Http\Request), Object(Illuminate\Routing\Route))
  #32 C:\laragon\www\tienda\vendor\laravel\framework\src\Illuminate\Routing\Router.php(651): Illuminate\Routing\Router->dispatchToRoute(Object(Illuminate\Http\Request))
  #33 C:\laragon\www\tienda\vendor\laravel\framework\src\Illuminate\Foundation\Http\Kernel.php(167): Illuminate\Routing\Router->dispatch(Object(Illuminate\Http\Request))
  #34 C:\laragon\www\tienda\vendor\laravel\framework\src\Illuminate\Pipeline\Pipeline.php(128): Illuminate\Foundation\Http\Kernel->Illuminate\Foundation\Http\{closure}(Object(Illuminate\Http\Request))
  #35 C:\laragon\www\tienda\vendor\laravel\framework\src\Illuminate\Foundation\Http\Middleware\TransformsRequest.php(21): Illuminate\Pipeline\Pipeline->Illuminate\Pipeline\{closure}(Object(Illuminate\Http\Request))
  #36 C:\laragon\www\tienda\vendor\laravel\framework\src\Illuminate\Foundation\Http\Middleware\ConvertEmptyStringsToNull.php(31): Illuminate\Foundation\Http\Middleware\TransformsRequest->handle(Object(Illuminate\Http\Request), Object(Closure))
  #37 C:\laragon\www\tienda\vendor\laravel\framework\src\Illuminate\Pipeline\Pipeline.php(167): Illuminate\Foundation\Http\Middleware\ConvertEmptyStringsToNull->handle(Object(Illuminate\Http\Request), Object(Closure))
  #38 C:\laragon\www\tienda\vendor\laravel\framework\src\Illuminate\Foundation\Http\Middleware\TransformsRequest.php(21): Illuminate\Pipeline\Pipeline->Illuminate\Pipeline\{closure}(Object(Illuminate\Http\Request))
  #39 C:\laragon\www\tienda\vendor\laravel\framework\src\Illuminate\Foundation\Http\Middleware\TrimStrings.php(40): Illuminate\Foundation\Http\Middleware\TransformsRequest->handle(Object(Illuminate\Http\Request), Object(Closure))
  #40 C:\laragon\www\tienda\vendor\laravel\framework\src\Illuminate\Pipeline\Pipeline.php(167): Illuminate\Foundation\Http\Middleware\TrimStrings->handle(Object(Illuminate\Http\Request), Object(Closure))
  #41 C:\laragon\www\tienda\vendor\laravel\framework\src\Illuminate\Foundation\Http\Middleware\ValidatePostSize.php(27): Illuminate\Pipeline\Pipeline->Illuminate\Pipeline\{closure}(Object(Illuminate\Http\Request))
  #42 C:\laragon\www\tienda\vendor\laravel\framework\src\Illuminate\Pipeline\Pipeline.php(167): Illuminate\Foundation\Http\Middleware\ValidatePostSize->handle(Object(Illuminate\Http\Request), Object(Closure))
  #43 C:\laragon\www\tienda\vendor\laravel\framework\src\Illuminate\Foundation\Http\Middleware\PreventRequestsDuringMaintenance.php(86): Illuminate\Pipeline\Pipeline->Illuminate\Pipeline\{closure}(Object(Illuminate\Http\Request))
  #44 C:\laragon\www\tienda\vendor\laravel\framework\src\Illuminate\Pipeline\Pipeline.php(167): Illuminate\Foundation\Http\Middleware\PreventRequestsDuringMaintenance->handle(Object(Illuminate\Http\Request), Object(Closure))
  #45 C:\laragon\www\tienda\vendor\fruitcake\laravel-cors\src\HandleCors.php(38): Illuminate\Pipeline\Pipeline->Illuminate\Pipeline\{closure}(Object(Illuminate\Http\Request))
  #46 C:\laragon\www\tienda\vendor\laravel\framework\src\Illuminate\Pipeline\Pipeline.php(167): Fruitcake\Cors\HandleCors->handle(Object(Illuminate\Http\Request), Object(Closure))
  #47 C:\laragon\www\tienda\vendor\laravel\framework\src\Illuminate\Http\Middleware\TrustProxies.php(39): Illuminate\Pipeline\Pipeline->Illuminate\Pipeline\{closure}(Object(Illuminate\Http\Request))
  #48 C:\laragon\www\tienda\vendor\laravel\framework\src\Illuminate\Pipeline\Pipeline.php(167): Illuminate\Http\Middleware\TrustProxies->handle(Object(Illuminate\Http\Request), Object(Closure))
  #49 C:\laragon\www\tienda\vendor\laravel\framework\src\Illuminate\Pipeline\Pipeline.php(103): Illuminate\Pipeline\Pipeline->Illuminate\Pipeline\{closure}(Object(Illuminate\Http\Request))
  #50 C:\laragon\www\tienda\vendor\laravel\framework\src\Illuminate\Foundation\Http\Kernel.php(142): Illuminate\Pipeline\Pipeline->then(Object(Closure))
  #51 C:\laragon\www\tienda\vendor\laravel\framework\src\Illuminate\Foundation\Http\Kernel.php(111): Illuminate\Foundation\Http\Kernel->sendRequestThroughRouter(Object(Illuminate\Http\Request))
  #52 C:\laragon\www\tienda\vendor\laravel\framework\src\Illuminate\Foundation\Testing\Concerns\MakesHttpRequests.php(510): Illuminate\Foundation\Http\Kernel->handle(Object(Illuminate\Http\Request))
  #53 C:\laragon\www\tienda\vendor\laravel\framework\src\Illuminate\Foundation\Testing\Concerns\MakesHttpRequests.php(294): Illuminate\Foundation\Testing\TestCase->call('GET', '/', Array, Array, Array, Array)
  #54 C:\laragon\www\tienda\tests\Feature\TiendaTest.php(17): Illuminate\Foundation\Testing\TestCase->get('/')
  #55 C:\laragon\www\tienda\vendor\phpunit\phpunit\src\Framework\TestCase.php(1545): Tests\Feature\ExampleTest->test_principal()
  #56 C:\laragon\www\tienda\vendor\phpunit\phpunit\src\Framework\TestCase.php(1151): PHPUnit\Framework\TestCase->runTest()
  #57 C:\laragon\www\tienda\vendor\phpunit\phpunit\src\Framework\TestResult.php(726): PHPUnit\Framework\TestCase->runBare()
  #58 C:\laragon\www\tienda\vendor\phpunit\phpunit\src\Framework\TestCase.php(903): PHPUnit\Framework\TestResult->run(Object(Tests\Feature\ExampleTest))
  #59 C:\laragon\www\tienda\vendor\phpunit\phpunit\src\Framework\TestSuite.php(670): PHPUnit\Framework\TestCase->run(Object(PHPUnit\Framework\TestResult))
  #60 C:\laragon\www\tienda\vendor\phpunit\phpunit\src\Framework\TestSuite.php(670): PHPUnit\Framework\TestSuite->run(Object(PHPUnit\Framework\TestResult))
  #61 C:\laragon\www\tienda\vendor\phpunit\phpunit\src\Framework\TestSuite.php(670): PHPUnit\Framework\TestSuite->run(Object(PHPUnit\Framework\TestResult))
  #62 C:\laragon\www\tienda\vendor\phpunit\phpunit\src\TextUI\TestRunner.php(673): PHPUnit\Framework\TestSuite->run(Object(PHPUnit\Framework\TestResult))
  #63 C:\laragon\www\tienda\vendor\phpunit\phpunit\src\TextUI\Command.php(143): PHPUnit\TextUI\TestRunner->run(Object(PHPUnit\Framework\TestSuite), Array, Array, true)
  #64 C:\laragon\www\tienda\vendor\phpunit\phpunit\src\TextUI\Command.php(96): PHPUnit\TextUI\Command->run(Array, true)
  #65 C:\laragon\www\tienda\vendor\phpunit\phpunit\phpunit(98): PHPUnit\TextUI\Command::main()
  #66 {main}
  
  Next Facade\Ignition\Exceptions\ViewException: Undefined variable: productosMasVendidos (View: C:\laragon\www\tienda\resources\views\principal.blade.php) in C:\laragon\www\tienda\resources\views/principal.blade.php:40
  Stack trace:
  #0 C:\laragon\www\tienda\resources\views/principal.blade.php(40): Illuminate\Foundation\Bootstrap\HandleExceptions->handleError(8, 'Undefined varia...', 'C:\\laragon\\www\\...', 41, Array)
  #1 C:\laragon\www\tienda\vendor\laravel\framework\src\Illuminate\Filesystem\Filesystem.php(107): require('C:\\laragon\\www\\...')
  #2 C:\laragon\www\tienda\vendor\laravel\framework\src\Illuminate\Filesystem\Filesystem.php(108): Illuminate\Filesystem\Filesystem::Illuminate\Filesystem\{closure}()
  #3 C:\laragon\www\tienda\vendor\laravel\framework\src\Illuminate\View\Engines\PhpEngine.php(58): Illuminate\Filesystem\Filesystem->getRequire('C:\\laragon\\www\\...', Array)
  #4 C:\laragon\www\tienda\vendor\laravel\framework\src\Illuminate\View\Engines\CompilerEngine.php(61): Illuminate\View\Engines\PhpEngine->evaluatePath('C:\\laragon\\www\\...', Array)
  #5 C:\laragon\www\tienda\vendor\facade\ignition\src\Views\Engines\CompilerEngine.php(37): Illuminate\View\Engines\CompilerEngine->get('C:\\laragon\\www\\...', Array)
  #6 C:\laragon\www\tienda\vendor\laravel\framework\src\Illuminate\View\View.php(139): Facade\Ignition\Views\Engines\CompilerEngine->get('C:\\laragon\\www\\...', Array)
  #7 C:\laragon\www\tienda\vendor\laravel\framework\src\Illuminate\View\View.php(122): Illuminate\View\View->getContents()
  #8 C:\laragon\www\tienda\vendor\laravel\framework\src\Illuminate\View\View.php(91): Illuminate\View\View->renderContents()
  #9 C:\laragon\www\tienda\vendor\laravel\framework\src\Illuminate\Http\Response.php(69): Illuminate\View\View->render()
  #10 C:\laragon\www\tienda\vendor\laravel\framework\src\Illuminate\Http\Response.php(35): Illuminate\Http\Response->setContent(Object(Illuminate\View\View))
  #11 C:\laragon\www\tienda\vendor\laravel\framework\src\Illuminate\Routing\Router.php(820): Illuminate\Http\Response->__construct(Object(Illuminate\View\View), 200, Array)
  #12 C:\laragon\www\tienda\vendor\laravel\framework\src\Illuminate\Routing\Router.php(789): Illuminate\Routing\Router::toResponse(Object(Illuminate\Http\Request), Object(Illuminate\View\View))
  #13 C:\laragon\www\tienda\vendor\laravel\framework\src\Illuminate\Routing\Router.php(721): Illuminate\Routing\Router->prepareResponse(Object(Illuminate\Http\Request), Object(Illuminate\View\View))
  #14 C:\laragon\www\tienda\vendor\laravel\framework\src\Illuminate\Pipeline\Pipeline.php(128): Illuminate\Routing\Router->Illuminate\Routing\{closure}(Object(Illuminate\Http\Request))
  #15 C:\laragon\www\tienda\vendor\laravel\framework\src\Illuminate\Routing\Middleware\SubstituteBindings.php(50): Illuminate\Pipeline\Pipeline->Illuminate\Pipeline\{closure}(Object(Illuminate\Http\Request))
  #16 C:\laragon\www\tienda\vendor\laravel\framework\src\Illuminate\Pipeline\Pipeline.php(167): Illuminate\Routing\Middleware\SubstituteBindings->handle(Object(Illuminate\Http\Request), Object(Closure))
  #17 C:\laragon\www\tienda\vendor\laravel\framework\src\Illuminate\Foundation\Http\Middleware\VerifyCsrfToken.php(78): Illuminate\Pipeline\Pipeline->Illuminate\Pipeline\{closure}(Object(Illuminate\Http\Request))
  #18 C:\laragon\www\tienda\vendor\laravel\framework\src\Illuminate\Pipeline\Pipeline.php(167): Illuminate\Foundation\Http\Middleware\VerifyCsrfToken->handle(Object(Illuminate\Http\Request), Object(Closure))
  #19 C:\laragon\www\tienda\vendor\laravel\framework\src\Illuminate\View\Middleware\ShareErrorsFromSession.php(49): Illuminate\Pipeline\Pipeline->Illuminate\Pipeline\{closure}(Object(Illuminate\Http\Request))
  #20 C:\laragon\www\tienda\vendor\laravel\framework\src\Illuminate\Pipeline\Pipeline.php(167): Illuminate\View\Middleware\ShareErrorsFromSession->handle(Object(Illuminate\Http\Request), Object(Closure))
  #21 C:\laragon\www\tienda\vendor\laravel\framework\src\Illuminate\Session\Middleware\StartSession.php(121): Illuminate\Pipeline\Pipeline->Illuminate\Pipeline\{closure}(Object(Illuminate\Http\Request))
  #22 C:\laragon\www\tienda\vendor\laravel\framework\src\Illuminate\Session\Middleware\StartSession.php(64): Illuminate\Session\Middleware\StartSession->handleStatefulRequest(Object(Illuminate\Http\Request), Object(Illuminate\Session\Store), Object(Closure))
  #23 C:\laragon\www\tienda\vendor\laravel\framework\src\Illuminate\Pipeline\Pipeline.php(167): Illuminate\Session\Middleware\StartSession->handle(Object(Illuminate\Http\Request), Object(Closure))
  #24 C:\laragon\www\tienda\vendor\laravel\framework\src\Illuminate\Cookie\Middleware\AddQueuedCookiesToResponse.php(37): Illuminate\Pipeline\Pipeline->Illuminate\Pipeline\{closure}(Object(Illuminate\Http\Request))
  #25 C:\laragon\www\tienda\vendor\laravel\framework\src\Illuminate\Pipeline\Pipeline.php(167): Illuminate\Cookie\Middleware\AddQueuedCookiesToResponse->handle(Object(Illuminate\Http\Request), Object(Closure))
  #26 C:\laragon\www\tienda\vendor\laravel\framework\src\Illuminate\Cookie\Middleware\EncryptCookies.php(67): Illuminate\Pipeline\Pipeline->Illuminate\Pipeline\{closure}(Object(Illuminate\Http\Request))
  #27 C:\laragon\www\tienda\vendor\laravel\framework\src\Illuminate\Pipeline\Pipeline.php(167): Illuminate\Cookie\Middleware\EncryptCookies->handle(Object(Illuminate\Http\Request), Object(Closure))
  #28 C:\laragon\www\tienda\vendor\laravel\framework\src\Illuminate\Pipeline\Pipeline.php(103): Illuminate\Pipeline\Pipeline->Illuminate\Pipeline\{closure}(Object(Illuminate\Http\Request))
  #29 C:\laragon\www\tienda\vendor\laravel\framework\src\Illuminate\Routing\Router.php(723): Illuminate\Pipeline\Pipeline->then(Object(Closure))
  #30 C:\laragon\www\tienda\vendor\laravel\framework\src\Illuminate\Routing\Router.php(698): Illuminate\Routing\Router->runRouteWithinStack(Object(Illuminate\Routing\Route), Object(Illuminate\Http\Request))
  #31 C:\laragon\www\tienda\vendor\laravel\framework\src\Illuminate\Routing\Router.php(662): Illuminate\Routing\Router->runRoute(Object(Illuminate\Http\Request), Object(Illuminate\Routing\Route))
  #32 C:\laragon\www\tienda\vendor\laravel\framework\src\Illuminate\Routing\Router.php(651): Illuminate\Routing\Router->dispatchToRoute(Object(Illuminate\Http\Request))
  #33 C:\laragon\www\tienda\vendor\laravel\framework\src\Illuminate\Foundation\Http\Kernel.php(167): Illuminate\Routing\Router->dispatch(Object(Illuminate\Http\Request))
  #34 C:\laragon\www\tienda\vendor\laravel\framework\src\Illuminate\Pipeline\Pipeline.php(128): Illuminate\Foundation\Http\Kernel->Illuminate\Foundation\Http\{closure}(Object(Illuminate\Http\Request))
  #35 C:\laragon\www\tienda\vendor\laravel\framework\src\Illuminate\Foundation\Http\Middleware\TransformsRequest.php(21): Illuminate\Pipeline\Pipeline->Illuminate\Pipeline\{closure}(Object(Illuminate\Http\Request))
  #36 C:\laragon\www\tienda\vendor\laravel\framework\src\Illuminate\Foundation\Http\Middleware\ConvertEmptyStringsToNull.php(31): Illuminate\Foundation\Http\Middleware\TransformsRequest->handle(Object(Illuminate\Http\Request), Object(Closure))
  #37 C:\laragon\www\tienda\vendor\laravel\framework\src\Illuminate\Pipeline\Pipeline.php(167): Illuminate\Foundation\Http\Middleware\ConvertEmptyStringsToNull->handle(Object(Illuminate\Http\Request), Object(Closure))
  #38 C:\laragon\www\tienda\vendor\laravel\framework\src\Illuminate\Foundation\Http\Middleware\TransformsRequest.php(21): Illuminate\Pipeline\Pipeline->Illuminate\Pipeline\{closure}(Object(Illuminate\Http\Request))
  #39 C:\laragon\www\tienda\vendor\laravel\framework\src\Illuminate\Foundation\Http\Middleware\TrimStrings.php(40): Illuminate\Foundation\Http\Middleware\TransformsRequest->handle(Object(Illuminate\Http\Request), Object(Closure))
  #40 C:\laragon\www\tienda\vendor\laravel\framework\src\Illuminate\Pipeline\Pipeline.php(167): Illuminate\Foundation\Http\Middleware\TrimStrings->handle(Object(Illuminate\Http\Request), Object(Closure))
  #41 C:\laragon\www\tienda\vendor\laravel\framework\src\Illuminate\Foundation\Http\Middleware\ValidatePostSize.php(27): Illuminate\Pipeline\Pipeline->Illuminate\Pipeline\{closure}(Object(Illuminate\Http\Request))
  #42 C:\laragon\www\tienda\vendor\laravel\framework\src\Illuminate\Pipeline\Pipeline.php(167): Illuminate\Foundation\Http\Middleware\ValidatePostSize->handle(Object(Illuminate\Http\Request), Object(Closure))
  #43 C:\laragon\www\tienda\vendor\laravel\framework\src\Illuminate\Foundation\Http\Middleware\PreventRequestsDuringMaintenance.php(86): Illuminate\Pipeline\Pipeline->Illuminate\Pipeline\{closure}(Object(Illuminate\Http\Request))
  #44 C:\laragon\www\tienda\vendor\laravel\framework\src\Illuminate\Pipeline\Pipeline.php(167): Illuminate\Foundation\Http\Middleware\PreventRequestsDuringMaintenance->handle(Object(Illuminate\Http\Request), Object(Closure))
  #45 C:\laragon\www\tienda\vendor\fruitcake\laravel-cors\src\HandleCors.php(38): Illuminate\Pipeline\Pipeline->Illuminate\Pipeline\{closure}(Object(Illuminate\Http\Request))
  #46 C:\laragon\www\tienda\vendor\laravel\framework\src\Illuminate\Pipeline\Pipeline.php(167): Fruitcake\Cors\HandleCors->handle(Object(Illuminate\Http\Request), Object(Closure))
  #47 C:\laragon\www\tienda\vendor\laravel\framework\src\Illuminate\Http\Middleware\TrustProxies.php(39): Illuminate\Pipeline\Pipeline->Illuminate\Pipeline\{closure}(Object(Illuminate\Http\Request))
  #48 C:\laragon\www\tienda\vendor\laravel\framework\src\Illuminate\Pipeline\Pipeline.php(167): Illuminate\Http\Middleware\TrustProxies->handle(Object(Illuminate\Http\Request), Object(Closure))
  #49 C:\laragon\www\tienda\vendor\laravel\framework\src\Illuminate\Pipeline\Pipeline.php(103): Illuminate\Pipeline\Pipeline->Illuminate\Pipeline\{closure}(Object(Illuminate\Http\Request))
  #50 C:\laragon\www\tienda\vendor\laravel\framework\src\Illuminate\Foundation\Http\Kernel.php(142): Illuminate\Pipeline\Pipeline->then(Object(Closure))
  #51 C:\laragon\www\tienda\vendor\laravel\framework\src\Illuminate\Foundation\Http\Kernel.php(111): Illuminate\Foundation\Http\Kernel->sendRequestThroughRouter(Object(Illuminate\Http\Request))
  #52 C:\laragon\www\tienda\vendor\laravel\framework\src\Illuminate\Foundation\Testing\Concerns\MakesHttpRequests.php(510): Illuminate\Foundation\Http\Kernel->handle(Object(Illuminate\Http\Request))
  #53 C:\laragon\www\tienda\vendor\laravel\framework\src\Illuminate\Foundation\Testing\Concerns\MakesHttpRequests.php(294): Illuminate\Foundation\Testing\TestCase->call('GET', '/', Array, Array, Array, Array)
  #54 C:\laragon\www\tienda\tests\Feature\TiendaTest.php(17): Illuminate\Foundation\Testing\TestCase->get('/')
  #55 C:\laragon\www\tienda\vendor\phpunit\phpunit\src\Framework\TestCase.php(1545): Tests\Feature\ExampleTest->test_principal()
  #56 C:\laragon\www\tienda\vendor\phpunit\phpunit\src\Framework\TestCase.php(1151): PHPUnit\Framework\TestCase->runTest()
  #57 C:\laragon\www\tienda\vendor\phpunit\phpunit\src\Framework\TestResult.php(726): PHPUnit\Framework\TestCase->runBare()
  #58 C:\laragon\www\tienda\vendor\phpunit\phpunit\src\Framework\TestCase.php(903): PHPUnit\Framework\TestResult->run(Object(Tests\Feature\ExampleTest))
  #59 C:\laragon\www\tienda\vendor\phpunit\phpunit\src\Framework\TestSuite.php(670): PHPUnit\Framework\TestCase->run(Object(PHPUnit\Framework\TestResult))
  #60 C:\laragon\www\tienda\vendor\phpunit\phpunit\src\Framework\TestSuite.php(670): PHPUnit\Framework\TestSuite->run(Object(PHPUnit\Framework\TestResult))
  #61 C:\laragon\www\tienda\vendor\phpunit\phpunit\src\Framework\TestSuite.php(670): PHPUnit\Framework\TestSuite->run(Object(PHPUnit\Framework\TestResult))
  #62 C:\laragon\www\tienda\vendor\phpunit\phpunit\src\TextUI\TestRunner.php(673): PHPUnit\Framework\TestSuite->run(Object(PHPUnit\Framework\TestResult))
  #63 C:\laragon\www\tienda\vendor\phpunit\phpunit\src\TextUI\Command.php(143): PHPUnit\TextUI\TestRunner->run(Object(PHPUnit\Framework\TestSuite), Array, Array, true)
  #64 C:\laragon\www\tienda\vendor\phpunit\phpunit\src\TextUI\Command.php(96): PHPUnit\TextUI\Command->run(Array, true)
  #65 C:\laragon\www\tienda\vendor\phpunit\phpunit\phpunit(98): PHPUnit\TextUI\Command::main()
  #66 {main}
  Failed asserting that 200 is identical to 500.[39;22m

  at [32mC:\laragon\www\tienda\vendor\phpunit\phpunit\src\Framework\Constraint\Constraint.php[39m:[32m121[39m
    [90m117[0m[90m▕ [0m[35;1m        if (!empty([0m[39;1m$description[0m[35;1m)) {[0m
    [90m118[0m[90m▕ [0m[35;1m            [0m[39;1m$failureDescription [0m[35;1m= [0m[39;1m$description [0m[35;1m. [0m[37m"\n" [0m[35;1m. [0m[39;1m$failureDescription[0m[35;1m;[0m
    [90m119[0m[90m▕ [0m[35;1m        }[0m
    [90m120[0m[90m▕ [0m
[31;1m  ➜ [0m[3;1m121[0m[90m▕ [0m[35;1m        throw new [0m[39;1mExpectationFailedException[0m[35;1m([0m
    [90m122[0m[90m▕ [0m[35;1m            [0m[39;1m$failureDescription[0m[35;1m,[0m
    [90m123[0m[90m▕ [0m[35;1m            [0m[39;1m$comparisonFailure[0m
    [90m124[0m[90m▕ [0m[39;1m        [0m[35;1m);[0m
    [90m125[0m[90m▕ [0m[35;1m    }[0m

  [33m1   [39m[39;1mC:\laragon\www\tienda\vendor\phpunit\phpunit\src\Framework\Constraint\IsIdentical.php[39;22m:[39;1m90[39;22m
  [37m    PHPUnit\Framework\Constraint\Constraint::fail("Expected response status code [200] but received 500.

The following exception occurred during the request:

ErrorException: Undefined variable: productosMasVendidos in C:\laragon\www\tienda\storage\framework\views\4a49dd9d981f5894fc9067e4007bd03973b62976.php:41
Stack trace:
#0 C:\laragon\www\tienda\storage\framework\views\4a49dd9d981f5894fc9067e4007bd03973b62976.php(41): Illuminate\Foundation\Bootstrap\HandleExceptions->handleError(8, 'Undefined varia...', 'C:\\laragon\\www\\...', 41, Array)
#1 C:\laragon\www\tienda\vendor\laravel\framework\src\Illuminate\Filesystem\Filesystem.php(107): require('C:\\laragon\\www\\...')
#2 C:\laragon\www\tienda\vendor\laravel\framework\src\Illuminate\Filesystem\Filesystem.php(108): Illuminate\Filesystem\Filesystem::Illuminate\Filesystem\{closure}()
#3 C:\laragon\www\tienda\vendor\laravel\framework\src\Illuminate\View\Engines\PhpEngine.php(58): Illuminate\Filesystem\Filesystem->getRequire('C:\\laragon\\www\\...', Array)
#4 C:\laragon\www\tienda\vend...")[39m

  [33m2   [39m[39;1mC:\laragon\www\tienda\vendor\phpunit\phpunit\src\Framework\Assert.php[39;22m:[39;1m2344[39;22m
  [37m    PHPUnit\Framework\Constraint\IsIdentical::evaluate("Expected response status code [200] but received 500.

The following exception occurred during the request:

ErrorException: Undefined variable: productosMasVendidos in C:\laragon\www\tienda\storage\framework\views\4a49dd9d981f5894fc9067e4007bd03973b62976.php:41
Stack trace:
#0 C:\laragon\www\tienda\storage\framework\views\4a49dd9d981f5894fc9067e4007bd03973b62976.php(41): Illuminate\Foundation\Bootstrap\HandleExceptions->handleError(8, 'Undefined varia...', 'C:\\laragon\\www\\...', 41, Array)
#1 C:\laragon\www\tienda\vendor\laravel\framework\src\Illuminate\Filesystem\Filesystem.php(107): require('C:\\laragon\\www\\...')
#2 C:\laragon\www\tienda\vendor\laravel\framework\src\Illuminate\Filesystem\Filesystem.php(108): Illuminate\Filesystem\Filesystem::Illuminate\Filesystem\{closure}()
#3 C:\laragon\www\tienda\vendor\laravel\framework\src\Illuminate\View\Engines\PhpEngine.php(58): Illuminate\Filesystem\Filesystem->getRequire('C:\\laragon\\www\\...', Array)
#4 C:\laragon\www\tienda\vend...")[39m

  [33m3   [39m[39;1mC:\laragon\www\tienda\vendor\phpunit\phpunit\src\Framework\Assert.php[39;22m:[39;1m1330[39;22m
  [37m    PHPUnit\Framework\Assert::assertThat(Object(PHPUnit\Framework\Constraint\IsIdentical), "Expected response status code [200] but received 500.

The following exception occurred during the request:

ErrorException: Undefined variable: productosMasVendidos in C:\laragon\www\tienda\storage\framework\views\4a49dd9d981f5894fc9067e4007bd03973b62976.php:41
Stack trace:
#0 C:\laragon\www\tienda\storage\framework\views\4a49dd9d981f5894fc9067e4007bd03973b62976.php(41): Illuminate\Foundation\Bootstrap\HandleExceptions->handleError(8, 'Undefined varia...', 'C:\\laragon\\www\\...', 41, Array)
#1 C:\laragon\www\tienda\vendor\laravel\framework\src\Illuminate\Filesystem\Filesystem.php(107): require('C:\\laragon\\www\\...')
#2 C:\laragon\www\tienda\vendor\laravel\framework\src\Illuminate\Filesystem\Filesystem.php(108): Illuminate\Filesystem\Filesystem::Illuminate\Filesystem\{closure}()
#3 C:\laragon\www\tienda\vendor\laravel\framework\src\Illuminate\View\Engines\PhpEngine.php(58): Illuminate\Filesystem\Filesystem->getRequire('C:\\laragon\\www\\...', Array)
#4 C:\laragon\www\tienda\vend...")[39m

  [33m4   [39m[39;1mC:\laragon\www\tienda\vendor\laravel\framework\src\Illuminate\Testing\TestResponse.php[39;22m:[39;1m177[39;22m
  [37m    PHPUnit\Framework\Assert::assertSame("Expected response status code [200] but received 500.

The following exception occurred during the request:

ErrorException: Undefined variable: productosMasVendidos in C:\laragon\www\tienda\storage\framework\views\4a49dd9d981f5894fc9067e4007bd03973b62976.php:41
Stack trace:
#0 C:\laragon\www\tienda\storage\framework\views\4a49dd9d981f5894fc9067e4007bd03973b62976.php(41): Illuminate\Foundation\Bootstrap\HandleExceptions->handleError(8, 'Undefined varia...', 'C:\\laragon\\www\\...', 41, Array)
#1 C:\laragon\www\tienda\vendor\laravel\framework\src\Illuminate\Filesystem\Filesystem.php(107): require('C:\\laragon\\www\\...')
#2 C:\laragon\www\tienda\vendor\laravel\framework\src\Illuminate\Filesystem\Filesystem.php(108): Illuminate\Filesystem\Filesystem::Illuminate\Filesystem\{closure}()
#3 C:\laragon\www\tienda\vendor\laravel\framework\src\Illuminate\View\Engines\PhpEngine.php(58): Illuminate\Filesystem\Filesystem->getRequire('C:\\laragon\\www\\...', Array)
#4 C:\laragon\www\tienda\vend...")[39m

  [33m5   [39m[39;1mC:\laragon\www\tienda\tests\Feature\TiendaTest.php[39;22m:[39;1m18[39;22m
  [37m    Illuminate\Testing\TestResponse::assertStatus()[39m

  [33m6   [39m[39;1mC:\laragon\www\tienda\vendor\phpunit\phpunit\src\Framework\TestCase.php[39;22m:[39;1m1545[39;22m
  [37m    Tests\Feature\ExampleTest::test_principal()[39m

  [33m7   [39m[39;1mC:\laragon\www\tienda\vendor\phpunit\phpunit\src\Framework\TestCase.php[39;22m:[39;1m1151[39;22m
  [37m    PHPUnit\Framework\TestCase::runTest()[39m

  [33m8   [39m[39;1mC:\laragon\www\tienda\vendor\phpunit\phpunit\src\Framework\TestResult.php[39;22m:[39;1m726[39;22m
  [37m    PHPUnit\Framework\TestCase::runBare()[39m

  [33m9   [39m[39;1mC:\laragon\www\tienda\vendor\phpunit\phpunit\src\Framework\TestCase.php[39;22m:[39;1m903[39;22m
  [37m    PHPUnit\Framework\TestResult::run(Object(Tests\Feature\ExampleTest))[39m

  [33m10  [39m[39;1mC:\laragon\www\tienda\vendor\phpunit\phpunit\src\Framework\TestSuite.php[39;22m:[39;1m670[39;22m
  [37m    PHPUnit\Framework\TestCase::run(Object(PHPUnit\Framework\TestResult))[39m

  [33m11  [39m[39;1mC:\laragon\www\tienda\vendor\phpunit\phpunit\src\Framework\TestSuite.php[39;22m:[39;1m670[39;22m
  [37m    PHPUnit\Framework\TestSuite::run(Object(PHPUnit\Framework\TestResult))[39m

  [33m12  [39m[39;1mC:\laragon\www\tienda\vendor\phpunit\phpunit\src\Framework\TestSuite.php[39;22m:[39;1m670[39;22m
  [37m    PHPUnit\Framework\TestSuite::run(Object(PHPUnit\Framework\TestResult))[39m

  [33m13  [39m[39;1mC:\laragon\www\tienda\vendor\phpunit\phpunit\src\TextUI\TestRunner.php[39;22m:[39;1m673[39;22m
  [37m    PHPUnit\Framework\TestSuite::run(Object(PHPUnit\Framework\TestResult))[39m

  [33m14  [39m[39;1mC:\laragon\www\tienda\vendor\phpunit\phpunit\src\TextUI\Command.php[39;22m:[39;1m143[39;22m
  [37m    PHPUnit\TextUI\TestRunner::run(Object(PHPUnit\Framework\TestSuite), [])[39m

  [33m15  [39m[39;1mC:\laragon\www\tienda\vendor\phpunit\phpunit\src\TextUI\Command.php[39;22m:[39;1m96[39;22m
  [37m    PHPUnit\TextUI\Command::run()[39m

  [33m16  [39m[39;1mC:\laragon\www\tienda\vendor\phpunit\phpunit\phpunit[39;22m:[39;1m98[39;22m
  [37m    PHPUnit\TextUI\Command::main()[39m

  [31;1m• Tests\Feature\ExampleTest [39;22m> [31;1malta productos formulario[39;22m
[39;1m  Expected response status code [200] but received 404.
  Failed asserting that 200 is identical to 404.[39;22m

  at [32mC:\laragon\www\tienda\vendor\phpunit\phpunit\src\Framework\Constraint\Constraint.php[39m:[32m121[39m
    [90m117[0m[90m▕ [0m[35;1m        if (!empty([0m[39;1m$description[0m[35;1m)) {[0m
    [90m118[0m[90m▕ [0m[35;1m            [0m[39;1m$failureDescription [0m[35;1m= [0m[39;1m$description [0m[35;1m. [0m[37m"\n" [0m[35;1m. [0m[39;1m$failureDescription[0m[35;1m;[0m
    [90m119[0m[90m▕ [0m[35;1m        }[0m
    [90m120[0m[90m▕ [0m
[31;1m  ➜ [0m[3;1m121[0m[90m▕ [0m[35;1m        throw new [0m[39;1mExpectationFailedException[0m[35;1m([0m
    [90m122[0m[90m▕ [0m[35;1m            [0m[39;1m$failureDescription[0m[35;1m,[0m
    [90m123[0m[90m▕ [0m[35;1m            [0m[39;1m$comparisonFailure[0m
    [90m124[0m[90m▕ [0m[39;1m        [0m[35;1m);[0m
    [90m125[0m[90m▕ [0m[35;1m    }[0m

  [33m1   [39m[39;1mC:\laragon\www\tienda\vendor\phpunit\phpunit\src\Framework\Constraint\IsIdentical.php[39;22m:[39;1m90[39;22m
  [37m    PHPUnit\Framework\Constraint\Constraint::fail("Expected response status code [200] but received 404.")[39m

  [33m2   [39m[39;1mC:\laragon\www\tienda\vendor\phpunit\phpunit\src\Framework\Assert.php[39;22m:[39;1m2344[39;22m
  [37m    PHPUnit\Framework\Constraint\IsIdentical::evaluate("Expected response status code [200] but received 404.")[39m

  [33m3   [39m[39;1mC:\laragon\www\tienda\vendor\phpunit\phpunit\src\Framework\Assert.php[39;22m:[39;1m1330[39;22m
  [37m    PHPUnit\Framework\Assert::assertThat(Object(PHPUnit\Framework\Constraint\IsIdentical), "Expected response status code [200] but received 404.")[39m

  [33m4   [39m[39;1mC:\laragon\www\tienda\vendor\laravel\framework\src\Illuminate\Testing\TestResponse.php[39;22m:[39;1m177[39;22m
  [37m    PHPUnit\Framework\Assert::assertSame("Expected response status code [200] but received 404.")[39m

  [33m5   [39m[39;1mC:\laragon\www\tienda\tests\Feature\TiendaTest.php[39;22m:[39;1m24[39;22m
  [37m    Illuminate\Testing\TestResponse::assertStatus()[39m

  [33m6   [39m[39;1mC:\laragon\www\tienda\vendor\phpunit\phpunit\src\Framework\TestCase.php[39;22m:[39;1m1545[39;22m
  [37m    Tests\Feature\ExampleTest::test_alta_productos_formulario()[39m

  [33m7   [39m[39;1mC:\laragon\www\tienda\vendor\phpunit\phpunit\src\Framework\TestCase.php[39;22m:[39;1m1151[39;22m
  [37m    PHPUnit\Framework\TestCase::runTest()[39m

  [33m8   [39m[39;1mC:\laragon\www\tienda\vendor\phpunit\phpunit\src\Framework\TestResult.php[39;22m:[39;1m726[39;22m
  [37m    PHPUnit\Framework\TestCase::runBare()[39m

  [33m9   [39m[39;1mC:\laragon\www\tienda\vendor\phpunit\phpunit\src\Framework\TestCase.php[39;22m:[39;1m903[39;22m
  [37m    PHPUnit\Framework\TestResult::run(Object(Tests\Feature\ExampleTest))[39m

  [33m10  [39m[39;1mC:\laragon\www\tienda\vendor\phpunit\phpunit\src\Framework\TestSuite.php[39;22m:[39;1m670[39;22m
  [37m    PHPUnit\Framework\TestCase::run(Object(PHPUnit\Framework\TestResult))[39m

  [33m11  [39m[39;1mC:\laragon\www\tienda\vendor\phpunit\phpunit\src\Framework\TestSuite.php[39;22m:[39;1m670[39;22m
  [37m    PHPUnit\Framework\TestSuite::run(Object(PHPUnit\Framework\TestResult))[39m

  [33m12  [39m[39;1mC:\laragon\www\tienda\vendor\phpunit\phpunit\src\Framework\TestSuite.php[39;22m:[39;1m670[39;22m
  [37m    PHPUnit\Framework\TestSuite::run(Object(PHPUnit\Framework\TestResult))[39m

  [33m13  [39m[39;1mC:\laragon\www\tienda\vendor\phpunit\phpunit\src\TextUI\TestRunner.php[39;22m:[39;1m673[39;22m
  [37m    PHPUnit\Framework\TestSuite::run(Object(PHPUnit\Framework\TestResult))[39m

  [33m14  [39m[39;1mC:\laragon\www\tienda\vendor\phpunit\phpunit\src\TextUI\Command.php[39;22m:[39;1m143[39;22m
  [37m    PHPUnit\TextUI\TestRunner::run(Object(PHPUnit\Framework\TestSuite), [])[39m

  [33m15  [39m[39;1mC:\laragon\www\tienda\vendor\phpunit\phpunit\src\TextUI\Command.php[39;22m:[39;1m96[39;22m
  [37m    PHPUnit\TextUI\Command::run()[39m

  [33m16  [39m[39;1mC:\laragon\www\tienda\vendor\phpunit\phpunit\phpunit[39;22m:[39;1m98[39;22m
  [37m    PHPUnit\TextUI\Command::main()[39m


  [37;1mTests:  [39;22m[31;1m2 failed[39;22m[39m, [39m[32;1m4 passed[39;22m
  [37;1mTime:   [39;22m[39m0.89s[39m

